This file contains any messages produced by compilers while
running configure, to aid debugging if configure makes a mistake.

It was created by aol configure 0.1, which was
generated by GNU Autoconf 2.68.  Invocation command line was

  $ ./configure 

## --------- ##
## Platform. ##
## --------- ##

hostname = sanjie
uname -m = x86_64
uname -r = 3.3.5-2.fc16.x86_64
uname -s = Linux
uname -v = #1 SMP Tue May 8 11:24:50 UTC 2012

/usr/bin/uname -p = unknown
/bin/uname -X     = unknown

/bin/arch              = x86_64
/usr/bin/arch -k       = unknown
/usr/convex/getsysinfo = unknown
/usr/bin/hostinfo      = unknown
/bin/machine           = unknown
/usr/bin/oslevel       = unknown
/bin/universe          = unknown

PATH: /usr/local/bin
PATH: /usr/bin
PATH: /bin
PATH: /usr/local/sbin
PATH: /usr/sbin
PATH: /sbin
PATH: /home/czy/bin


## ----------- ##
## Core tests. ##
## ----------- ##

configure:2265: checking for a BSD-compatible install
configure:2333: result: /usr/bin/install -c
configure:2344: checking whether build environment is sane
configure:2394: result: yes
configure:2535: checking for a thread-safe mkdir -p
configure:2574: result: /bin/mkdir -p
configure:2587: checking for gawk
configure:2603: found /usr/bin/gawk
configure:2614: result: gawk
configure:2625: checking whether make sets $(MAKE)
configure:2647: result: yes
configure:2778: checking for g++
configure:2794: found /usr/bin/g++
configure:2805: result: g++
configure:2832: checking for C++ compiler version
configure:2841: g++ --version >&5
g++ (GCC) 4.6.3 20120306 (Red Hat 4.6.3-2)
Copyright (C) 2011 Free Software Foundation, Inc.
This is free software; see the source for copying conditions.  There is NO
warranty; not even for MERCHANTABILITY or FITNESS FOR A PARTICULAR PURPOSE.

configure:2852: $? = 0
configure:2841: g++ -v >&5
Using built-in specs.
COLLECT_GCC=g++
COLLECT_LTO_WRAPPER=/usr/libexec/gcc/x86_64-redhat-linux/4.6.3/lto-wrapper
Target: x86_64-redhat-linux
Configured with: ../configure --prefix=/usr --mandir=/usr/share/man --infodir=/usr/share/info --with-bugurl=http://bugzilla.redhat.com/bugzilla --enable-bootstrap --enable-shared --enable-threads=posix --enable-checking=release --with-system-zlib --enable-__cxa_atexit --disable-libunwind-exceptions --enable-gnu-unique-object --enable-linker-build-id --enable-languages=c,c++,objc,obj-c++,java,fortran,ada,go,lto --enable-plugin --enable-java-awt=gtk --disable-dssi --with-java-home=/usr/lib/jvm/java-1.5.0-gcj-1.5.0.0/jre --enable-libgcj-multifile --enable-java-maintainer-mode --with-ecj-jar=/usr/share/java/eclipse-ecj.jar --disable-libjava-multilib --with-ppl --with-cloog --with-tune=generic --with-arch_32=i686 --build=x86_64-redhat-linux
Thread model: posix
gcc version 4.6.3 20120306 (Red Hat 4.6.3-2) (GCC) 
configure:2852: $? = 0
configure:2841: g++ -V >&5
g++: error: unrecognized option '-V'
g++: fatal error: no input files
compilation terminated.
configure:2852: $? = 4
configure:2841: g++ -qversion >&5
g++: error: unrecognized option '-qversion'
g++: fatal error: no input files
compilation terminated.
configure:2852: $? = 4
configure:2872: checking whether the C++ compiler works
configure:2894: g++    conftest.cpp  >&5
configure:2898: $? = 0
configure:2946: result: yes
configure:2949: checking for C++ compiler default output file name
configure:2951: result: a.out
configure:2957: checking for suffix of executables
configure:2964: g++ -o conftest    conftest.cpp  >&5
configure:2968: $? = 0
configure:2990: result: 
configure:3012: checking whether we are cross compiling
configure:3020: g++ -o conftest    conftest.cpp  >&5
configure:3024: $? = 0
configure:3031: ./conftest
configure:3035: $? = 0
configure:3050: result: no
configure:3055: checking for suffix of object files
configure:3077: g++ -c   conftest.cpp >&5
configure:3081: $? = 0
configure:3102: result: o
configure:3106: checking whether we are using the GNU C++ compiler
configure:3125: g++ -c   conftest.cpp >&5
configure:3125: $? = 0
configure:3134: result: yes
configure:3143: checking whether g++ accepts -g
configure:3163: g++ -c -g  conftest.cpp >&5
configure:3163: $? = 0
configure:3204: result: yes
configure:3238: checking for style of include used by make
configure:3266: result: GNU
configure:3291: checking dependency style of g++
configure:3401: result: gcc3
configure:3464: checking for gcc
configure:3480: found /usr/bin/gcc
configure:3491: result: gcc
configure:3720: checking for C compiler version
configure:3729: gcc --version >&5
gcc (GCC) 4.6.3 20120306 (Red Hat 4.6.3-2)
Copyright (C) 2011 Free Software Foundation, Inc.
This is free software; see the source for copying conditions.  There is NO
warranty; not even for MERCHANTABILITY or FITNESS FOR A PARTICULAR PURPOSE.

configure:3740: $? = 0
configure:3729: gcc -v >&5
Using built-in specs.
COLLECT_GCC=gcc
COLLECT_LTO_WRAPPER=/usr/libexec/gcc/x86_64-redhat-linux/4.6.3/lto-wrapper
Target: x86_64-redhat-linux
Configured with: ../configure --prefix=/usr --mandir=/usr/share/man --infodir=/usr/share/info --with-bugurl=http://bugzilla.redhat.com/bugzilla --enable-bootstrap --enable-shared --enable-threads=posix --enable-checking=release --with-system-zlib --enable-__cxa_atexit --disable-libunwind-exceptions --enable-gnu-unique-object --enable-linker-build-id --enable-languages=c,c++,objc,obj-c++,java,fortran,ada,go,lto --enable-plugin --enable-java-awt=gtk --disable-dssi --with-java-home=/usr/lib/jvm/java-1.5.0-gcj-1.5.0.0/jre --enable-libgcj-multifile --enable-java-maintainer-mode --with-ecj-jar=/usr/share/java/eclipse-ecj.jar --disable-libjava-multilib --with-ppl --with-cloog --with-tune=generic --with-arch_32=i686 --build=x86_64-redhat-linux
Thread model: posix
gcc version 4.6.3 20120306 (Red Hat 4.6.3-2) (GCC) 
configure:3740: $? = 0
configure:3729: gcc -V >&5
gcc: error: unrecognized option '-V'
gcc: fatal error: no input files
compilation terminated.
configure:3740: $? = 4
configure:3729: gcc -qversion >&5
gcc: error: unrecognized option '-qversion'
gcc: fatal error: no input files
compilation terminated.
configure:3740: $? = 4
configure:3744: checking whether we are using the GNU C compiler
configure:3763: gcc -c   conftest.c >&5
configure:3763: $? = 0
configure:3772: result: yes
configure:3781: checking whether gcc accepts -g
configure:3801: gcc -c -g  conftest.c >&5
configure:3801: $? = 0
configure:3842: result: yes
configure:3859: checking for gcc option to accept ISO C89
configure:3923: gcc  -c -g -O2  conftest.c >&5
configure:3923: $? = 0
configure:3936: result: none needed
configure:3958: checking dependency style of gcc
configure:4068: result: gcc3
configure:4088: checking how to run the C preprocessor
configure:4119: gcc -E  conftest.c
configure:4119: $? = 0
configure:4133: gcc -E  conftest.c
conftest.c:9:28: fatal error: ac_nonexistent.h: No such file or directory
compilation terminated.
configure:4133: $? = 1
configure: failed program was:
| /* confdefs.h */
| #define PACKAGE_NAME "aol"
| #define PACKAGE_TARNAME "aol"
| #define PACKAGE_VERSION "0.1"
| #define PACKAGE_STRING "aol 0.1"
| #define PACKAGE_BUGREPORT "andychenzy@gmail.com"
| #define PACKAGE_URL ""
| /* end confdefs.h.  */
| #include <ac_nonexistent.h>
configure:4158: result: gcc -E
configure:4178: gcc -E  conftest.c
configure:4178: $? = 0
configure:4192: gcc -E  conftest.c
conftest.c:9:28: fatal error: ac_nonexistent.h: No such file or directory
compilation terminated.
configure:4192: $? = 1
configure: failed program was:
| /* confdefs.h */
| #define PACKAGE_NAME "aol"
| #define PACKAGE_TARNAME "aol"
| #define PACKAGE_VERSION "0.1"
| #define PACKAGE_STRING "aol 0.1"
| #define PACKAGE_BUGREPORT "andychenzy@gmail.com"
| #define PACKAGE_URL ""
| /* end confdefs.h.  */
| #include <ac_nonexistent.h>
configure:4221: checking whether ln -s works
configure:4225: result: yes
configure:4232: checking whether make sets $(MAKE)
configure:4254: result: yes
configure:4292: checking build system type
configure:4306: result: x86_64-unknown-linux-gnu
configure:4326: checking host system type
configure:4339: result: x86_64-unknown-linux-gnu
configure:4380: checking how to print strings
configure:4407: result: printf
configure:4428: checking for a sed that does not truncate output
configure:4492: result: /bin/sed
configure:4510: checking for grep that handles long lines and -e
configure:4568: result: /bin/grep
configure:4573: checking for egrep
configure:4635: result: /bin/grep -E
configure:4640: checking for fgrep
configure:4702: result: /bin/grep -F
configure:4737: checking for ld used by gcc
configure:4804: result: /usr/bin/ld
configure:4811: checking if the linker (/usr/bin/ld) is GNU ld
configure:4826: result: yes
configure:4838: checking for BSD- or MS-compatible name lister (nm)
configure:4887: result: /usr/bin/nm -B
configure:5017: checking the name lister (/usr/bin/nm -B) interface
configure:5024: gcc -c -g -O2  conftest.c >&5
configure:5027: /usr/bin/nm -B "conftest.o"
configure:5030: output
0000000000000000 B some_variable
configure:5037: result: BSD nm
configure:5041: checking the maximum length of command line arguments
configure:5166: result: 1572864
configure:5183: checking whether the shell understands some XSI constructs
configure:5193: result: yes
configure:5197: checking whether the shell understands "+="
configure:5203: result: yes
configure:5238: checking how to convert x86_64-unknown-linux-gnu file names to x86_64-unknown-linux-gnu format
configure:5278: result: func_convert_file_noop
configure:5285: checking how to convert x86_64-unknown-linux-gnu file names to toolchain format
configure:5305: result: func_convert_file_noop
configure:5312: checking for /usr/bin/ld option to reload object files
configure:5319: result: -r
configure:5393: checking for objdump
configure:5409: found /usr/bin/objdump
configure:5420: result: objdump
configure:5452: checking how to recognize dependent libraries
configure:5654: result: pass_all
configure:5739: checking for dlltool
configure:5769: result: no
configure:5799: checking how to associate runtime and link libraries
configure:5826: result: printf %s\n
configure:5887: checking for ar
configure:5903: found /usr/bin/ar
configure:5914: result: ar
configure:5951: checking for archiver @FILE support
configure:5968: gcc -c -g -O2  conftest.c >&5
configure:5968: $? = 0
configure:5971: ar cru libconftest.a @conftest.lst >&5
configure:5974: $? = 0
configure:5979: ar cru libconftest.a @conftest.lst >&5
ar: conftest.o: No such file or directory
configure:5982: $? = 1
configure:5994: result: @
configure:6052: checking for strip
configure:6068: found /usr/bin/strip
configure:6079: result: strip
configure:6151: checking for ranlib
configure:6167: found /usr/bin/ranlib
configure:6178: result: ranlib
configure:6280: checking command to parse /usr/bin/nm -B output from gcc object
configure:6399: gcc -c -g -O2  conftest.c >&5
configure:6402: $? = 0
configure:6406: /usr/bin/nm -B conftest.o \| sed -n -e 's/^.*[ ]\([ABCDGIRSTW][ABCDGIRSTW]*\)[ ][ ]*\([_A-Za-z][_A-Za-z0-9]*\)$/\1 \2 \2/p' | sed '/ __gnu_lto/d' \> conftest.nm
configure:6409: $? = 0
configure:6475: gcc -o conftest -g -O2   conftest.c conftstm.o >&5
configure:6478: $? = 0
configure:6516: result: ok
configure:6553: checking for sysroot
configure:6583: result: no
configure:6660: gcc -c -g -O2  conftest.c >&5
configure:6663: $? = 0
configure:6826: checking for mt
configure:6856: result: no
configure:6876: checking if : is a manifest tool
configure:6882: : '-?'
configure:6890: result: no
configure:7518: checking for ANSI C header files
configure:7538: gcc -c -g -O2  conftest.c >&5
configure:7538: $? = 0
configure:7611: gcc -o conftest -g -O2   conftest.c  >&5
configure:7611: $? = 0
configure:7611: ./conftest
configure:7611: $? = 0
configure:7622: result: yes
configure:7635: checking for sys/types.h
configure:7635: gcc -c -g -O2  conftest.c >&5
configure:7635: $? = 0
configure:7635: result: yes
configure:7635: checking for sys/stat.h
configure:7635: gcc -c -g -O2  conftest.c >&5
configure:7635: $? = 0
configure:7635: result: yes
configure:7635: checking for stdlib.h
configure:7635: gcc -c -g -O2  conftest.c >&5
configure:7635: $? = 0
configure:7635: result: yes
configure:7635: checking for string.h
configure:7635: gcc -c -g -O2  conftest.c >&5
configure:7635: $? = 0
configure:7635: result: yes
configure:7635: checking for memory.h
configure:7635: gcc -c -g -O2  conftest.c >&5
configure:7635: $? = 0
configure:7635: result: yes
configure:7635: checking for strings.h
configure:7635: gcc -c -g -O2  conftest.c >&5
configure:7635: $? = 0
configure:7635: result: yes
configure:7635: checking for inttypes.h
configure:7635: gcc -c -g -O2  conftest.c >&5
configure:7635: $? = 0
configure:7635: result: yes
configure:7635: checking for stdint.h
configure:7635: gcc -c -g -O2  conftest.c >&5
configure:7635: $? = 0
configure:7635: result: yes
configure:7635: checking for unistd.h
configure:7635: gcc -c -g -O2  conftest.c >&5
configure:7635: $? = 0
configure:7635: result: yes
configure:7649: checking for dlfcn.h
configure:7649: gcc -c -g -O2  conftest.c >&5
configure:7649: $? = 0
configure:7649: result: yes
configure:7847: checking for objdir
configure:7862: result: .libs
configure:8129: checking if gcc supports -fno-rtti -fno-exceptions
configure:8147: gcc -c -g -O2  -fno-rtti -fno-exceptions conftest.c >&5
cc1: warning: command line option '-fno-rtti' is valid for C++/ObjC++ but not for C [enabled by default]
configure:8151: $? = 0
configure:8164: result: no
configure:8474: checking for gcc option to produce PIC
configure:8481: result: -fPIC -DPIC
configure:8489: checking if gcc PIC flag -fPIC -DPIC works
configure:8507: gcc -c -g -O2  -fPIC -DPIC -DPIC conftest.c >&5
configure:8511: $? = 0
configure:8524: result: yes
configure:8553: checking if gcc static flag -static works
configure:8581: result: no
configure:8596: checking if gcc supports -c -o file.o
configure:8617: gcc -c -g -O2  -o out/conftest2.o conftest.c >&5
configure:8621: $? = 0
configure:8643: result: yes
configure:8651: checking if gcc supports -c -o file.o
configure:8698: result: yes
configure:8731: checking whether the gcc linker (/usr/bin/ld -m elf_x86_64) supports shared libraries
configure:9889: result: yes
configure:9926: checking whether -lc should be explicitly linked in
configure:9934: gcc -c -g -O2  conftest.c >&5
configure:9937: $? = 0
configure:9952: gcc -shared  -fPIC -DPIC conftest.o  -v -Wl,-soname -Wl,conftest -o conftest 2\>\&1 \| /bin/grep  -lc  \>/dev/null 2\>\&1
configure:9955: $? = 0
configure:9969: result: no
configure:10134: checking dynamic linker characteristics
configure:10648: gcc -o conftest -g -O2   -Wl,-rpath -Wl,/foo conftest.c  >&5
configure:10648: $? = 0
configure:10874: result: GNU/Linux ld.so
configure:10981: checking how to hardcode library paths into programs
configure:11006: result: immediate
configure:11546: checking whether stripping libraries is possible
configure:11551: result: yes
configure:11586: checking if libtool supports shared libraries
configure:11588: result: yes
configure:11591: checking whether to build shared libraries
configure:11612: result: yes
configure:11615: checking whether to build static libraries
configure:11619: result: yes
configure:11642: checking how to run the C++ preprocessor
configure:11669: g++ -E  conftest.cpp
configure:11669: $? = 0
configure:11683: g++ -E  conftest.cpp
conftest.cpp:21:28: fatal error: ac_nonexistent.h: No such file or directory
compilation terminated.
configure:11683: $? = 1
configure: failed program was:
| /* confdefs.h */
| #define PACKAGE_NAME "aol"
| #define PACKAGE_TARNAME "aol"
| #define PACKAGE_VERSION "0.1"
| #define PACKAGE_STRING "aol 0.1"
| #define PACKAGE_BUGREPORT "andychenzy@gmail.com"
| #define PACKAGE_URL ""
| #define STDC_HEADERS 1
| #define HAVE_SYS_TYPES_H 1
| #define HAVE_SYS_STAT_H 1
| #define HAVE_STDLIB_H 1
| #define HAVE_STRING_H 1
| #define HAVE_MEMORY_H 1
| #define HAVE_STRINGS_H 1
| #define HAVE_INTTYPES_H 1
| #define HAVE_STDINT_H 1
| #define HAVE_UNISTD_H 1
| #define HAVE_DLFCN_H 1
| #define LT_OBJDIR ".libs/"
| /* end confdefs.h.  */
| #include <ac_nonexistent.h>
configure:11708: result: g++ -E
configure:11728: g++ -E  conftest.cpp
configure:11728: $? = 0
configure:11742: g++ -E  conftest.cpp
conftest.cpp:21:28: fatal error: ac_nonexistent.h: No such file or directory
compilation terminated.
configure:11742: $? = 1
configure: failed program was:
| /* confdefs.h */
| #define PACKAGE_NAME "aol"
| #define PACKAGE_TARNAME "aol"
| #define PACKAGE_VERSION "0.1"
| #define PACKAGE_STRING "aol 0.1"
| #define PACKAGE_BUGREPORT "andychenzy@gmail.com"
| #define PACKAGE_URL ""
| #define STDC_HEADERS 1
| #define HAVE_SYS_TYPES_H 1
| #define HAVE_SYS_STAT_H 1
| #define HAVE_STDLIB_H 1
| #define HAVE_STRING_H 1
| #define HAVE_MEMORY_H 1
| #define HAVE_STRINGS_H 1
| #define HAVE_INTTYPES_H 1
| #define HAVE_STDINT_H 1
| #define HAVE_UNISTD_H 1
| #define HAVE_DLFCN_H 1
| #define LT_OBJDIR ".libs/"
| /* end confdefs.h.  */
| #include <ac_nonexistent.h>
configure:11912: checking for ld used by g++
configure:11979: result: /usr/bin/ld -m elf_x86_64
configure:11986: checking if the linker (/usr/bin/ld -m elf_x86_64) is GNU ld
configure:12001: result: yes
configure:12056: checking whether the g++ linker (/usr/bin/ld -m elf_x86_64) supports shared libraries
configure:13060: result: yes
configure:13095: g++ -c -g -O2  conftest.cpp >&5
configure:13098: $? = 0
configure:13618: checking for g++ option to produce PIC
configure:13625: result: -fPIC -DPIC
configure:13633: checking if g++ PIC flag -fPIC -DPIC works
configure:13651: g++ -c -g -O2  -fPIC -DPIC -DPIC conftest.cpp >&5
configure:13655: $? = 0
configure:13668: result: yes
configure:13691: checking if g++ static flag -static works
configure:13719: result: no
configure:13731: checking if g++ supports -c -o file.o
configure:13752: g++ -c -g -O2  -o out/conftest2.o conftest.cpp >&5
configure:13756: $? = 0
configure:13778: result: yes
configure:13783: checking if g++ supports -c -o file.o
configure:13830: result: yes
configure:13860: checking whether the g++ linker (/usr/bin/ld -m elf_x86_64) supports shared libraries
configure:13894: result: yes
configure:14037: checking dynamic linker characteristics
configure:14711: result: GNU/Linux ld.so
configure:14764: checking how to hardcode library paths into programs
configure:14789: result: immediate
configure:14863: checking for main in -lm
configure:14882: g++ -o conftest -g -O2   conftest.cpp -lm   >&5
configure:14882: $? = 0
configure:14891: result: yes
configure:15081: creating ./config.status

## ---------------------- ##
## Running config.status. ##
## ---------------------- ##

This file was extended by aol config.status 0.1, which was
generated by GNU Autoconf 2.68.  Invocation command line was

  CONFIG_FILES    = 
  CONFIG_HEADERS  = 
  CONFIG_LINKS    = 
  CONFIG_COMMANDS = 
  $ ./config.status 

on sanjie

config.status:1075: creating Makefile
config.status:1075: creating src/Makefile
config.status:1075: creating test/Makefile
config.status:1247: executing depfiles commands
config.status:1247: executing libtool commands

## ---------------- ##
## Cache variables. ##
## ---------------- ##

ac_cv_build=x86_64-unknown-linux-gnu
ac_cv_c_compiler_gnu=yes
ac_cv_cxx_compiler_gnu=yes
ac_cv_env_CCC_set=
ac_cv_env_CCC_value=
ac_cv_env_CC_set=
ac_cv_env_CC_value=
ac_cv_env_CFLAGS_set=
ac_cv_env_CFLAGS_value=
ac_cv_env_CPPFLAGS_set=
ac_cv_env_CPPFLAGS_value=
ac_cv_env_CPP_set=
ac_cv_env_CPP_value=
ac_cv_env_CXXCPP_set=
ac_cv_env_CXXCPP_value=
ac_cv_env_CXXFLAGS_set=
ac_cv_env_CXXFLAGS_value=
ac_cv_env_CXX_set=
ac_cv_env_CXX_value=
ac_cv_env_LDFLAGS_set=
ac_cv_env_LDFLAGS_value=
ac_cv_env_LIBS_set=
ac_cv_env_LIBS_value=
ac_cv_env_build_alias_set=
ac_cv_env_build_alias_value=
ac_cv_env_host_alias_set=
ac_cv_env_host_alias_value=
ac_cv_env_target_alias_set=
ac_cv_env_target_alias_value=
ac_cv_header_dlfcn_h=yes
ac_cv_header_inttypes_h=yes
ac_cv_header_memory_h=yes
ac_cv_header_stdc=yes
ac_cv_header_stdint_h=yes
ac_cv_header_stdlib_h=yes
ac_cv_header_string_h=yes
ac_cv_header_strings_h=yes
ac_cv_header_sys_stat_h=yes
ac_cv_header_sys_types_h=yes
ac_cv_header_unistd_h=yes
ac_cv_host=x86_64-unknown-linux-gnu
ac_cv_lib_m_main=yes
ac_cv_objext=o
ac_cv_path_EGREP='/bin/grep -E'
ac_cv_path_FGREP='/bin/grep -F'
ac_cv_path_GREP=/bin/grep
ac_cv_path_SED=/bin/sed
ac_cv_path_install='/usr/bin/install -c'
ac_cv_path_mkdir=/bin/mkdir
ac_cv_prog_AWK=gawk
ac_cv_prog_CPP='gcc -E'
ac_cv_prog_CXXCPP='g++ -E'
ac_cv_prog_ac_ct_AR=ar
ac_cv_prog_ac_ct_CC=gcc
ac_cv_prog_ac_ct_CXX=g++
ac_cv_prog_ac_ct_OBJDUMP=objdump
ac_cv_prog_ac_ct_RANLIB=ranlib
ac_cv_prog_ac_ct_STRIP=strip
ac_cv_prog_cc_c89=
ac_cv_prog_cc_g=yes
ac_cv_prog_cxx_g=yes
ac_cv_prog_make_make_set=yes
am_cv_CC_dependencies_compiler_type=gcc3
am_cv_CXX_dependencies_compiler_type=gcc3
lt_cv_ar_at_file=@
lt_cv_archive_cmds_need_lc=no
lt_cv_deplibs_check_method=pass_all
lt_cv_file_magic_cmd='$MAGIC_CMD'
lt_cv_file_magic_test_file=
lt_cv_ld_reload_flag=-r
lt_cv_nm_interface='BSD nm'
lt_cv_objdir=.libs
lt_cv_path_LD=/usr/bin/ld
lt_cv_path_LDCXX='/usr/bin/ld -m elf_x86_64'
lt_cv_path_NM='/usr/bin/nm -B'
lt_cv_path_mainfest_tool=no
lt_cv_prog_compiler_c_o=yes
lt_cv_prog_compiler_c_o_CXX=yes
lt_cv_prog_compiler_pic='-fPIC -DPIC'
lt_cv_prog_compiler_pic_CXX='-fPIC -DPIC'
lt_cv_prog_compiler_pic_works=yes
lt_cv_prog_compiler_pic_works_CXX=yes
lt_cv_prog_compiler_rtti_exceptions=no
lt_cv_prog_compiler_static_works=no
lt_cv_prog_compiler_static_works_CXX=no
lt_cv_prog_gnu_ld=yes
lt_cv_prog_gnu_ldcxx=yes
lt_cv_sharedlib_from_linklib_cmd='printf %s\n'
lt_cv_shlibpath_overrides_runpath=no
lt_cv_sys_global_symbol_pipe='sed -n -e '\''s/^.*[	 ]\([ABCDGIRSTW][ABCDGIRSTW]*\)[	 ][	 ]*\([_A-Za-z][_A-Za-z0-9]*\)$/\1 \2 \2/p'\'' | sed '\''/ __gnu_lto/d'\'''
lt_cv_sys_global_symbol_to_c_name_address='sed -n -e '\''s/^: \([^ ]*\)[ ]*$/  {\"\1\", (void *) 0},/p'\'' -e '\''s/^[ABCDGIRSTW]* \([^ ]*\) \([^ ]*\)$/  {"\2", (void *) \&\2},/p'\'''
lt_cv_sys_global_symbol_to_c_name_address_lib_prefix='sed -n -e '\''s/^: \([^ ]*\)[ ]*$/  {\"\1\", (void *) 0},/p'\'' -e '\''s/^[ABCDGIRSTW]* \([^ ]*\) \(lib[^ ]*\)$/  {"\2", (void *) \&\2},/p'\'' -e '\''s/^[ABCDGIRSTW]* \([^ ]*\) \([^ ]*\)$/  {"lib\2", (void *) \&\2},/p'\'''
lt_cv_sys_global_symbol_to_cdecl='sed -n -e '\''s/^T .* \(.*\)$/extern int \1();/p'\'' -e '\''s/^[ABCDGIRSTW]* .* \(.*\)$/extern char \1;/p'\'''
lt_cv_sys_max_cmd_len=1572864
lt_cv_to_host_file_cmd=func_convert_file_noop
lt_cv_to_tool_file_cmd=func_convert_file_noop

## ----------------- ##
## Output variables. ##
## ----------------- ##

ACLOCAL='${SHELL} /home/czy/devel/mysrc/aol/sys/missing --run aclocal-1.11'
AMDEPBACKSLASH='\'
AMDEP_FALSE='#'
AMDEP_TRUE=''
AMTAR='${SHELL} /home/czy/devel/mysrc/aol/sys/missing --run tar'
AR='ar'
AUTOCONF='${SHELL} /home/czy/devel/mysrc/aol/sys/missing --run autoconf'
AUTOHEADER='${SHELL} /home/czy/devel/mysrc/aol/sys/missing --run autoheader'
AUTOMAKE='${SHELL} /home/czy/devel/mysrc/aol/sys/missing --run automake-1.11'
AWK='gawk'
CC='gcc'
CCDEPMODE='depmode=gcc3'
CFLAGS='-g -O2'
CPP='gcc -E'
CPPFLAGS=''
CXX='g++'
CXXCPP='g++ -E'
CXXDEPMODE='depmode=gcc3'
CXXFLAGS='-g -O2'
CYGPATH_W='echo'
DEFS='-DPACKAGE_NAME=\"aol\" -DPACKAGE_TARNAME=\"aol\" -DPACKAGE_VERSION=\"0.1\" -DPACKAGE_STRING=\"aol\ 0.1\" -DPACKAGE_BUGREPORT=\"andychenzy@gmail.com\" -DPACKAGE_URL=\"\" -DSTDC_HEADERS=1 -DHAVE_SYS_TYPES_H=1 -DHAVE_SYS_STAT_H=1 -DHAVE_STDLIB_H=1 -DHAVE_STRING_H=1 -DHAVE_MEMORY_H=1 -DHAVE_STRINGS_H=1 -DHAVE_INTTYPES_H=1 -DHAVE_STDINT_H=1 -DHAVE_UNISTD_H=1 -DHAVE_DLFCN_H=1 -DLT_OBJDIR=\".libs/\" -DHAVE_LIBM=1'
DEPDIR='.deps'
DLLTOOL='false'
DSYMUTIL=''
DUMPBIN=''
ECHO_C=''
ECHO_N='-n'
ECHO_T=''
EGREP='/bin/grep -E'
EXEEXT=''
FGREP='/bin/grep -F'
GREP='/bin/grep'
INSTALL_DATA='${INSTALL} -m 644'
INSTALL_PROGRAM='${INSTALL}'
INSTALL_SCRIPT='${INSTALL}'
INSTALL_STRIP_PROGRAM='$(install_sh) -c -s'
LD='/usr/bin/ld -m elf_x86_64'
LDFLAGS=''
LIBOBJS=''
LIBS='-lm '
LIBTOOL='$(SHELL) $(top_builddir)/libtool'
LIPO=''
LN_S='ln -s'
LTLIBOBJS=''
MAKEINFO='${SHELL} /home/czy/devel/mysrc/aol/sys/missing --run makeinfo'
MANIFEST_TOOL=':'
MKDIR_P='/bin/mkdir -p'
NM='/usr/bin/nm -B'
NMEDIT=''
OBJDUMP='objdump'
OBJEXT='o'
OTOOL64=''
OTOOL=''
PACKAGE='aol'
PACKAGE_BUGREPORT='andychenzy@gmail.com'
PACKAGE_NAME='aol'
PACKAGE_STRING='aol 0.1'
PACKAGE_TARNAME='aol'
PACKAGE_URL=''
PACKAGE_VERSION='0.1'
PATH_SEPARATOR=':'
RANLIB='ranlib'
SED='/bin/sed'
SET_MAKE=''
SHELL='/bin/sh'
STRIP='strip'
VERSION='0.1'
ac_ct_AR='ar'
ac_ct_CC='gcc'
ac_ct_CXX='g++'
ac_ct_DUMPBIN=''
am__EXEEXT_FALSE=''
am__EXEEXT_TRUE='#'
am__fastdepCC_FALSE='#'
am__fastdepCC_TRUE=''
am__fastdepCXX_FALSE='#'
am__fastdepCXX_TRUE=''
am__include='include'
am__isrc=''
am__leading_dot='.'
am__quote=''
am__tar='${AMTAR} chof - "$$tardir"'
am__untar='${AMTAR} xf -'
bindir='${exec_prefix}/bin'
build='x86_64-unknown-linux-gnu'
build_alias=''
build_cpu='x86_64'
build_os='linux-gnu'
build_vendor='unknown'
datadir='${datarootdir}'
datarootdir='${prefix}/share'
docdir='${datarootdir}/doc/${PACKAGE_TARNAME}'
dvidir='${docdir}'
exec_prefix='${prefix}'
host='x86_64-unknown-linux-gnu'
host_alias=''
host_cpu='x86_64'
host_os='linux-gnu'
host_vendor='unknown'
htmldir='${docdir}'
includedir='${prefix}/include'
infodir='${datarootdir}/info'
install_sh='${SHELL} /home/czy/devel/mysrc/aol/sys/install-sh'
libdir='${exec_prefix}/lib'
libexecdir='${exec_prefix}/libexec'
localedir='${datarootdir}/locale'
localstatedir='${prefix}/var'
mandir='${datarootdir}/man'
mkdir_p='/bin/mkdir -p'
oldincludedir='/usr/include'
pdfdir='${docdir}'
prefix='/usr/local'
program_transform_name='s,x,x,'
psdir='${docdir}'
sbindir='${exec_prefix}/sbin'
sharedstatedir='${prefix}/com'
sysconfdir='${prefix}/etc'
target_alias=''

## ----------- ##
## confdefs.h. ##
## ----------- ##

/* confdefs.h */
#define PACKAGE_NAME "aol"
#define PACKAGE_TARNAME "aol"
#define PACKAGE_VERSION "0.1"
#define PACKAGE_STRING "aol 0.1"
#define PACKAGE_BUGREPORT "andychenzy@gmail.com"
#define PACKAGE_URL ""
#define STDC_HEADERS 1
#define HAVE_SYS_TYPES_H 1
#define HAVE_SYS_STAT_H 1
#define HAVE_STDLIB_H 1
#define HAVE_STRING_H 1
#define HAVE_MEMORY_H 1
#define HAVE_STRINGS_H 1
#define HAVE_INTTYPES_H 1
#define HAVE_STDINT_H 1
#define HAVE_UNISTD_H 1
#define HAVE_DLFCN_H 1
#define LT_OBJDIR ".libs/"
#define HAVE_LIBM 1

configure: exit 0
